#
# A fatal error has been detected by the Java Runtime Environment:
#
#  EXCEPTION_ACCESS_VIOLATION (0xc0000005) at pc=0x6d89a179, pid=3376, tid=2348
#
# JRE version: 6.0_29-b11
# Java VM: Java HotSpot(TM) Client VM (20.4-b02 mixed mode windows-x86 )
# Problematic frame:
# V  [jvm.dll+0xaa179]
#
# If you would like to submit a bug report, please visit:
#   http://java.sun.com/webapps/bugreport/crash.jsp
#

---------------  T H R E A D  ---------------

Current thread (0x019da400):  JavaThread "JDWP Transport Listener: dt_socket" daemon [_thread_in_vm, id=2348, stack(0x17e50000,0x17ea0000)]

siginfo: ExceptionCode=0xc0000005, reading address 0x9d2ff103

Registers:
EAX=0x003b003b, EBX=0x00000000, ECX=0x000071ee, EDX=0x00000000
ESP=0x17e9fa14, EBP=0x17e9fa18, ESI=0x9d2ff0ff, EDI=0x01921e68
EIP=0x6d89a179, EFLAGS=0x00010283

Top of Stack: (sp=0x17e9fa14)
0x17e9fa14:   019da400 17e9fa40 6d988232 003b003b
0x17e9fa24:   17e9fac4 17e9fa7b 019da400 00000000
0x17e9fa34:   00000000 00000000 019da400 17e9fa7c
0x17e9fa44:   6d389770 01921e68 003b003b 17e9fa7b
0x17e9fa54:   003b003b 6d3742c9 003b003b 17e9fa7b
0x17e9fa64:   00000005 00000000 00000000 0000000a
0x17e9fa74:   00000000 00e9fa9c 17e9fa9c 6d374434
0x17e9fa84:   00000001 17e9fab8 17e9fc54 6d392b02 

Instructions: (pc=0x6d89a179)
0x6d89a159:   cc cc cc cc cc cc cc 55 8b ec 8b 45 08 85 c0 56
0x6d89a169:   74 25 8b 30 85 f6 74 1f 81 fe fe fe fe fe 74 17
0x6d89a179:   8b 46 04 8d 48 08 8b 01 ff 90 90 00 00 00 84 c0
0x6d89a189:   74 05 8b c6 5e 5d c3 33 c0 5e 5d c3 cc cc cc cc 


Register to memory mapping:

EAX=0x003b003b is an unknown value
EBX=0x00000000 is an unknown value
ECX=0x000071ee is an unknown value
EDX=0x00000000 is an unknown value
ESP=0x17e9fa14 is pointing into the stack for thread: 0x019da400
EBP=0x17e9fa18 is pointing into the stack for thread: 0x019da400
ESI=0x9d2ff0ff is an unknown value
EDI=0x01921e68 is an unknown value


Stack: [0x17e50000,0x17ea0000],  sp=0x17e9fa14,  free space=318k
Native frames: (J=compiled Java code, j=interpreted, Vv=VM code, C=native code)
V  [jvm.dll+0xaa179]
V  [jvm.dll+0x198232]
C  [jdwp.dll+0x19770]  Agent_OnLoad+0xe6e5
C  [jdwp.dll+0x4434]
C  [jdwp.dll+0x4472]
C  [jdwp.dll+0x17d55]  Agent_OnLoad+0xccca
V  [jvm.dll+0x140fec]
C  [msvcr71.dll+0x9565]  endthreadex+0xa0
C  [kernel32.dll+0x51194]  BaseThreadInitThunk+0x12
C  [ntdll.dll+0x5b429]  RtlInitializeExceptionChain+0x63
C  [ntdll.dll+0x5b3fc]  RtlInitializeExceptionChain+0x36


---------------  P R O C E S S  ---------------

Java Threads: ( => current thread )
  0x019f0800 JavaThread "Low Memory Detector" daemon [_thread_blocked, id=4616, stack(0x18020000,0x18070000)]
  0x019f0400 JavaThread "C1 CompilerThread0" daemon [_thread_blocked, id=4244, stack(0x17fd0000,0x18020000)]
  0x019dd000 JavaThread "JDWP Command Reader" daemon [_thread_in_native, id=2644, stack(0x17f60000,0x17fb0000)]
  0x019dc000 JavaThread "JDWP Event Helper Thread" daemon [_thread_blocked, id=3276, stack(0x17f10000,0x17f60000)]
=>0x019da400 JavaThread "JDWP Transport Listener: dt_socket" daemon [_thread_in_vm, id=2348, stack(0x17e50000,0x17ea0000)]
  0x019cc400 JavaThread "Attach Listener" daemon [_thread_blocked, id=5764, stack(0x17c60000,0x17cb0000)]
  0x019cb400 JavaThread "Signal Dispatcher" daemon [_thread_blocked, id=3988, stack(0x17c10000,0x17c60000)]
  0x019a0800 JavaThread "Finalizer" daemon [_thread_blocked, id=5768, stack(0x17bc0000,0x17c10000)]
  0x0199bc00 JavaThread "Reference Handler" daemon [_thread_blocked, id=2972, stack(0x17b70000,0x17bc0000)]
  0x01209c00 JavaThread "main" [_thread_in_native, id=5820, stack(0x00260000,0x002b0000)]

Other Threads:
  0x01997c00 VMThread [stack: 0x17b20000,0x17b70000] [id=5300]
  0x01a0c800 WatcherThread [stack: 0x18070000,0x180c0000] [id=5408]

VM state:not at safepoint (normal execution)

VM Mutex/Monitor currently owned by a thread: None

Heap
 def new generation   total 4928K, used 562K [0x03a10000, 0x03f60000, 0x08f60000)
  eden space 4416K,  12% used [0x03a10000, 0x03a9ca98, 0x03e60000)
  from space 512K,   0% used [0x03e60000, 0x03e60000, 0x03ee0000)
  to   space 512K,   0% used [0x03ee0000, 0x03ee0000, 0x03f60000)
 tenured generation   total 10944K, used 0K [0x08f60000, 0x09a10000, 0x13a10000)
   the space 10944K,   0% used [0x08f60000, 0x08f60000, 0x08f60200, 0x09a10000)
 compacting perm gen  total 12288K, used 2282K [0x13a10000, 0x14610000, 0x17a10000)
   the space 12288K,  18% used [0x13a10000, 0x13c4aa18, 0x13c4ac00, 0x14610000)
No shared spaces configured.

Code Cache  [0x01a10000, 0x01a88000, 0x03a10000)
 total_blobs=137 nmethods=17 adapters=65 free_code_cache=33067904 largest_free_block=0

Dynamic libraries:
0x00400000 - 0x00424000 	C:\Program Files\Java\jre6\bin\javaw.exe
0x77420000 - 0x7755d000 	C:\Windows\SYSTEM32\ntdll.dll
0x77570000 - 0x77644000 	C:\Windows\system32\kernel32.dll
0x75620000 - 0x7566a000 	C:\Windows\system32\KERNELBASE.dll
0x75880000 - 0x75920000 	C:\Windows\system32\ADVAPI32.dll
0x76f70000 - 0x7701c000 	C:\Windows\system32\msvcrt.dll
0x77020000 - 0x77039000 	C:\Windows\SYSTEM32\sechost.dll
0x77370000 - 0x77411000 	C:\Windows\system32\RPCRT4.dll
0x76e70000 - 0x76f39000 	C:\Windows\system32\USER32.dll
0x75d50000 - 0x75d9e000 	C:\Windows\system32\GDI32.dll
0x75e70000 - 0x75e7a000 	C:\Windows\system32\LPK.dll
0x75c20000 - 0x75cbd000 	C:\Windows\system32\USP10.dll
0x75a60000 - 0x75a7f000 	C:\Windows\system32\IMM32.DLL
0x75da0000 - 0x75e6c000 	C:\Windows\system32\MSCTF.dll
0x7c340000 - 0x7c396000 	C:\Program Files\Java\jre6\bin\msvcr71.dll
0x6d7f0000 - 0x6da9f000 	C:\Program Files\Java\jre6\bin\client\jvm.dll
0x737a0000 - 0x737d2000 	C:\Windows\system32\WINMM.dll
0x754a0000 - 0x754eb000 	C:\Windows\system32\apphelp.dll
0x6d7a0000 - 0x6d7ac000 	C:\Program Files\Java\jre6\bin\verify.dll
0x6d320000 - 0x6d33f000 	C:\Program Files\Java\jre6\bin\java.dll
0x6d370000 - 0x6d399000 	C:\Program Files\Java\jre6\bin\jdwp.dll
0x6d690000 - 0x6d696000 	C:\Program Files\Java\jre6\bin\npt.dll
0x6d7e0000 - 0x6d7ef000 	C:\Program Files\Java\jre6\bin\zip.dll
0x6d200000 - 0x6d207000 	C:\Program Files\Java\jre6\bin\dt_socket.dll
0x75920000 - 0x75955000 	C:\Windows\system32\WS2_32.dll
0x75870000 - 0x75876000 	C:\Windows\system32\NSI.dll
0x734d0000 - 0x734e0000 	C:\Windows\system32\NLAapi.dll
0x74fd0000 - 0x7500c000 	C:\Windows\System32\mswsock.dll
0x74ea0000 - 0x74ee4000 	C:\Windows\system32\DNSAPI.dll
0x6d4d0000 - 0x6d4d8000 	C:\Windows\System32\winrnr.dll
0x6d4c0000 - 0x6d4d0000 	C:\Windows\system32\napinsp.dll
0x6d4a0000 - 0x6d4b2000 	C:\Windows\system32\pnrpnsp.dll
0x6e430000 - 0x6e457000 	C:\Program Files\Common Files\Microsoft Shared\Windows Live\WLIDNSP.DLL
0x75f60000 - 0x75f65000 	C:\Windows\system32\PSAPI.DLL
0x75f00000 - 0x75f57000 	C:\Windows\system32\SHLWAPI.dll
0x72fc0000 - 0x72fdc000 	C:\Windows\system32\IPHLPAPI.DLL
0x72fb0000 - 0x72fb7000 	C:\Windows\system32\WINNSI.DLL
0x731c0000 - 0x731f8000 	C:\Windows\System32\fwpuclnt.dll
0x6daa0000 - 0x6daa6000 	C:\Windows\system32\rasadhlp.dll
0x74ac0000 - 0x74ac5000 	C:\Windows\System32\wshtcpip.dll

VM Arguments:
jvm_args: -agentlib:jdwp=transport=dt_socket,suspend=y,address=localhost:29730 -Dfile.encoding=Cp1250 
java_command: hr.fer.zemris.java.graphics.demo.Demo 40 30
Launcher Type: SUN_STANDARD

Environment Variables:
JAVA_HOME=C:\Program Files\Java\jdk1.6.0_23
CLASSPATH=.;C:\Program Files\Java\jre6\lib\ext\QTJava.zip
PATH=C:/Program Files/Java/jdk1.6.0_23/bin/../jre/bin/client;C:/Program Files/Java/jdk1.6.0_23/bin/../jre/bin;C:/Program Files/Java/jdk1.6.0_23/bin/../jre/lib/i386;C:\Program Files\Common Files\Microsoft Shared\Windows Live;C:\ant\bin;C:\Program Files\Java\jdk1.6.0_23\bin;C:\Program Files\Windows Live\Shared;C:\Program Files\Microsoft SQL Server\100\Tools\Binn\;C:\Program Files\Microsoft SQL Server\100\DTS\Binn\;C:\android-sdk\platform-tools;C:\TeX\miktex\bin;;C:\eclipse;
USERNAME=svebee
OS=Windows_NT
PROCESSOR_IDENTIFIER=x86 Family 6 Model 15 Stepping 6, GenuineIntel



---------------  S Y S T E M  ---------------

OS: Windows 7 Build 7600 

CPU:total 2 (2 cores per cpu, 1 threads per core) family 6 model 15 stepping 6, cmov, cx8, fxsr, mmx, sse, sse2, sse3, ssse3

Memory: 4k page, physical 3405540k(1578776k free), swap 6809316k(4157104k free)

vm_info: Java HotSpot(TM) Client VM (20.4-b02) for windows-x86 JRE (1.6.0_29-b11), built on Oct  3 2011 01:01:08 by "java_re" with MS VC++ 7.1 (VS2003)

time: Wed Mar 28 01:08:49 2012
elapsed time: 668 seconds

